This is pdfTeX, Version 3.1415926-1.40.10 (TeX Live 2009/Debian) (format=pdflatex 2011.8.3)  9 AUG 2011 14:09
entering extended mode
 %&-line parsing enabled.
**JAC_dataflow.tex
(./JAC_dataflow.tex
LaTeX2e <2009/09/24>
Babel <v3.8l> and hyphenation patterns for english, usenglishmax, dumylang, noh
yphenation, loaded.
(./iucr.cls
\c@chapter=\count79
\c@example=\count80

Document Class: iucr 2010/12/07 IUCr article/chapter class
(/usr/share/texmf-texlive/tex/latex/tools/multicol.sty
Package: multicol 2008/12/05 v1.6h multicolumn formatting (FMi)
\c@tracingmulticols=\count81
\mult@box=\box26
\multicol@leftmargin=\dimen102
\c@unbalance=\count82
\c@collectmore=\count83
\doublecol@number=\count84
\multicoltolerance=\count85
\multicolpretolerance=\count86
\full@width=\dimen103
\page@free=\dimen104
\premulticols=\dimen105
\postmulticols=\dimen106
\multicolsep=\skip41
\multicolbaselineskip=\skip42
\partial@page=\box27
\last@line=\box28
\mult@rightbox=\box29
\mult@grightbox=\box30
\mult@gfirstbox=\box31
\mult@firstbox=\box32
\@tempa=\box33
\@tempa=\box34
\@tempa=\box35
\@tempa=\box36
\@tempa=\box37
\@tempa=\box38
\@tempa=\box39
\@tempa=\box40
\@tempa=\box41
\@tempa=\box42
\@tempa=\box43
\@tempa=\box44
\@tempa=\box45
\@tempa=\box46
\@tempa=\box47
\@tempa=\box48
\@tempa=\box49
\c@columnbadness=\count87
\c@finalcolumnbadness=\count88
\last@try=\dimen107
\multicolovershoot=\dimen108
\multicolundershoot=\dimen109
\mult@nat@firstbox=\box50
\colbreak@box=\box51
)
(/usr/share/texmf-texlive/tex/latex/psnfss/times.sty
Package: times 2005/04/12 PSNFSS-v9.2a (SPQR) 
)
(/usr/share/texmf-texlive/tex/latex/graphics/graphics.sty
Package: graphics 2009/02/05 v1.0o Standard LaTeX Graphics (DPC,SPQR)

(/usr/share/texmf-texlive/tex/latex/graphics/trig.sty
Package: trig 1999/03/16 v1.09 sin cos tan (DPC)
)
(/etc/texmf/tex/latex/config/graphics.cfg
File: graphics.cfg 2009/08/28 v1.8 graphics configuration of TeX Live
)
Package graphics Info: Driver file: pdftex.def on input line 91.

(/usr/share/texmf-texlive/tex/latex/pdftex-def/pdftex.def
File: pdftex.def 2010/03/12 v0.04p Graphics/color for pdfTeX
\Gread@gobject=\count89
))
(/usr/share/texmf-texlive/tex/latex/float/float.sty
Package: float 2001/11/08 v1.3d Float enhancements (AL)
\c@float@type=\count90
\float@exts=\toks14
\float@box=\box52
\@float@everytoks=\toks15
\@floatcapt=\box53
)
(/usr/share/texmf-texlive/tex/latex/tools/tabularx.sty
Package: tabularx 1999/01/07 v2.07 `tabularx' package (DPC)

(/usr/share/texmf-texlive/tex/latex/tools/array.sty
Package: array 2008/09/09 v2.4c Tabular extension package (FMi)
\col@sep=\dimen110
\extrarowheight=\dimen111
\NC@list=\toks16
\extratabsurround=\skip43
\backup@length=\skip44
)
\TX@col@width=\dimen112
\TX@old@table=\dimen113
\TX@old@col=\dimen114
\TX@target=\dimen115
\TX@delta=\dimen116
\TX@cols=\count91
\TX@ftn=\toks17
)
(/usr/share/texmf-texlive/tex/generic/dvips/colordvi.tex)
(/usr/share/texmf-texlive/tex/latex/base/article.cls
Document Class: article 2007/10/19 v1.4h Standard LaTeX document class
(/usr/share/texmf-texlive/tex/latex/base/size10.clo
File: size10.clo 2007/10/19 v1.4h Standard LaTeX file (size option)
)
\c@part=\count92
\c@section=\count93
\c@subsection=\count94
\c@subsubsection=\count95
\c@paragraph=\count96
\c@subparagraph=\count97
\c@figure=\count98
\c@table=\count99
\abovecaptionskip=\skip45
\belowcaptionskip=\skip46
\bibindent=\dimen117
)
(/usr/share/texmf-texlive/tex/latex/harvard/harvard.sty
Package: harvard 

(/usr/share/texmf-texlive/tex/latex/base/ifthen.sty
Package: ifthen 2001/05/26 v1.1c Standard LaTeX ifthen package (DPC)
))
LaTeX Font Info:    Redeclaring symbol font `operators' on input line 688.
LaTeX Font Info:    Overwriting symbol font `operators' in version `normal'
(Font)                  OT1/cmr/m/n --> OT1/ptmcm/m/n on input line 688.
LaTeX Font Info:    Overwriting symbol font `operators' in version `bold'
(Font)                  OT1/cmr/bx/n --> OT1/ptmcm/m/n on input line 688.
LaTeX Font Info:    Overwriting symbol font `operators' in version `bold'
(Font)                  OT1/ptmcm/m/n --> OT1/ptm/b/n on input line 689.
LaTeX Font Info:    Redeclaring symbol font `letters' on input line 690.
LaTeX Font Info:    Overwriting symbol font `letters' in version `normal'
(Font)                  OML/cmm/m/it --> OML/ptmcm/m/it on input line 690.
LaTeX Font Info:    Overwriting symbol font `letters' in version `bold'
(Font)                  OML/cmm/b/it --> OML/ptmcm/m/it on input line 690.
LaTeX Font Info:    Encoding `OML' has changed to `OT1' for symbol font
(Font)              `letters' in the math version `bold' on input line 691.
LaTeX Font Info:    Overwriting symbol font `letters' in version `bold'
(Font)                  OML/ptmcm/m/it --> OT1/ptm/b/it on input line 691.

FONT WARNINGS CAN USUALLY BE IGNORED. IF YOU EXPERIENCE
PROBLEMS WITH FONTS, USE THE [preprint] OPTION
LaTeX Font Info:    Redeclaring symbol font `symbols' on input line 694.
LaTeX Font Info:    Overwriting symbol font `symbols' in version `normal'
(Font)                  OMS/cmsy/m/n --> OMS/cmsy/m/n on input line 694.
LaTeX Font Info:    Overwriting symbol font `symbols' in version `bold'
(Font)                  OMS/cmsy/b/n --> OMS/cmsy/m/n on input line 694.
LaTeX Font Info:    Redeclaring symbol font `largesymbols' on input line 695.
LaTeX Font Info:    Overwriting symbol font `largesymbols' in version `normal'
(Font)                  OMX/cmex/m/n --> OMX/cmex/m/n on input line 695.
LaTeX Font Info:    Overwriting symbol font `largesymbols' in version `bold'
(Font)                  OMX/cmex/m/n --> OMX/cmex/m/n on input line 695.
\symbold=\mathgroup4
\symitalic=\mathgroup5
LaTeX Font Info:    Overwriting symbol font `italic' in version `bold'
(Font)                  OT1/ptm/m/it --> OT1/ptm/b/it on input line 698.
\symgreek=\mathgroup6
LaTeX Font Info:    Overwriting symbol font `greek' in version `bold'
(Font)                  OML/cmm/m/it --> OML/cmm/b/it on input line 700.
\symuprightgreek=\mathgroup7
LaTeX Font Info:    Overwriting symbol font `uprightgreek' in version `bold'
(Font)                  OT1/ptmcm/m/n --> OT1/cmr/bx/n on input line 702.
\symboldgreek=\mathgroup8
\symbolduprightgreek=\mathgroup9
LaTeX Font Info:    Redeclaring math symbol \alpha on input line 705.
LaTeX Font Info:    Redeclaring math symbol \beta on input line 707.
LaTeX Font Info:    Redeclaring math symbol \gamma on input line 709.
LaTeX Font Info:    Redeclaring math symbol \delta on input line 711.
LaTeX Font Info:    Redeclaring math symbol \epsilon on input line 713.
LaTeX Font Info:    Redeclaring math symbol \zeta on input line 715.
LaTeX Font Info:    Redeclaring math symbol \eta on input line 717.
LaTeX Font Info:    Redeclaring math symbol \theta on input line 719.
LaTeX Font Info:    Redeclaring math symbol \iota on input line 721.
LaTeX Font Info:    Redeclaring math symbol \kappa on input line 723.
LaTeX Font Info:    Redeclaring math symbol \lambda on input line 725.
LaTeX Font Info:    Redeclaring math symbol \mu on input line 727.
LaTeX Font Info:    Redeclaring math symbol \nu on input line 729.
LaTeX Font Info:    Redeclaring math symbol \xi on input line 731.
LaTeX Font Info:    Redeclaring math symbol \pi on input line 733.
LaTeX Font Info:    Redeclaring math symbol \rho on input line 735.
LaTeX Font Info:    Redeclaring math symbol \sigma on input line 737.
LaTeX Font Info:    Redeclaring math symbol \tau on input line 739.
LaTeX Font Info:    Redeclaring math symbol \upsilon on input line 741.
LaTeX Font Info:    Redeclaring math symbol \phi on input line 743.
LaTeX Font Info:    Redeclaring math symbol \chi on input line 745.
LaTeX Font Info:    Redeclaring math symbol \psi on input line 747.
LaTeX Font Info:    Redeclaring math symbol \omega on input line 749.
LaTeX Font Info:    Redeclaring math symbol \varepsilon on input line 751.
LaTeX Font Info:    Redeclaring math symbol \vartheta on input line 753.
LaTeX Font Info:    Redeclaring math symbol \varpi on input line 755.
LaTeX Font Info:    Redeclaring math symbol \varrho on input line 757.
LaTeX Font Info:    Redeclaring math symbol \varsigma on input line 759.
LaTeX Font Info:    Redeclaring math symbol \varphi on input line 761.
LaTeX Font Info:    Redeclaring math symbol \Gamma on input line 763.
LaTeX Font Info:    Redeclaring math symbol \Delta on input line 765.
LaTeX Font Info:    Redeclaring math symbol \Theta on input line 767.
LaTeX Font Info:    Redeclaring math symbol \Lambda on input line 769.
LaTeX Font Info:    Redeclaring math symbol \Xi on input line 771.
LaTeX Font Info:    Redeclaring math symbol \Pi on input line 773.
LaTeX Font Info:    Redeclaring math symbol \Sigma on input line 775.
LaTeX Font Info:    Redeclaring math symbol \Upsilon on input line 777.
LaTeX Font Info:    Redeclaring math symbol \Phi on input line 779.
LaTeX Font Info:    Redeclaring math symbol \Psi on input line 781.
LaTeX Font Info:    Redeclaring math symbol \Omega on input line 783.
LaTeX Font Info:    Redeclaring math alphabet \mathbf on input line 785.
LaTeX Font Info:    Overwriting math alphabet `\mathbf' in version `normal'
(Font)                  OT1/cmr/bx/n --> OT1/ptm/bx/n on input line 785.
LaTeX Font Info:    Overwriting math alphabet `\mathbf' in version `bold'
(Font)                  OT1/cmr/bx/n --> OT1/ptm/bx/n on input line 785.
LaTeX Font Info:    Redeclaring math alphabet \mathit on input line 786.
LaTeX Font Info:    Overwriting math alphabet `\mathit' in version `normal'
(Font)                  OT1/cmr/m/it --> OT1/ptm/m/it on input line 786.
LaTeX Font Info:    Overwriting math alphabet `\mathit' in version `bold'
(Font)                  OT1/cmr/bx/it --> OT1/ptm/m/it on input line 786.
LaTeX Font Info:    Redeclaring math alphabet \mathsfrm on input line 802.
LaTeX Font Info:    Overwriting math alphabet `\mathsfrm' in version `normal'
(Font)                  OT1/ptm/m/n --> OT1/ppl/m/n on input line 802.
LaTeX Font Info:    Overwriting math alphabet `\mathsfrm' in version `bold'
(Font)                  OT1/ptm/m/n --> OT1/ppl/m/n on input line 802.
LaTeX Font Info:    Redeclaring math alphabet \mathsfit on input line 803.
LaTeX Font Info:    Overwriting math alphabet `\mathsfit' in version `normal'
(Font)                  OT1/ptm/m/it --> OT1/ppl/m/it on input line 803.
LaTeX Font Info:    Overwriting math alphabet `\mathsfit' in version `bold'
(Font)                  OT1/ptm/m/it --> OT1/ppl/m/it on input line 803.
LaTeX Font Info:    Redeclaring math alphabet \mathsfbf on input line 804.
LaTeX Font Info:    Overwriting math alphabet `\mathsfbf' in version `normal'
(Font)                  OT1/ptm/b/n --> OT1/ppl/b/n on input line 804.
LaTeX Font Info:    Overwriting math alphabet `\mathsfbf' in version `bold'
(Font)                  OT1/ptm/b/n --> OT1/ppl/b/n on input line 804.
LaTeX Font Info:    Redeclaring math alphabet \mathsfbi on input line 805.
LaTeX Font Info:    Overwriting math alphabet `\mathsfbi' in version `normal'
(Font)                  OT1/ptm/b/it --> OT1/ppl/b/it on input line 805.
LaTeX Font Info:    Overwriting math alphabet `\mathsfbi' in version `bold'
(Font)                  OT1/ptm/b/it --> OT1/ppl/b/it on input line 805.
\colwidth=\skip47
\frontwidth=\skip48
\@ffnote=\box54
\k@ynote=\box55
\b@x=\box56
\keyb@x=\box57
\@float@every@inset=\toks18
\c@inset=\count100
\c@tchline=\box58
\c@aufn=\count101
\@ufn=\box59
\vit@=\box60
\c@refno=\count102
\@PDB=\box61
\@PDBscr@tch=\box62
\@NDB=\box63
\@NDBscr@tch=\box64
\t@tlebox=\box65
LaTeX Font Info:    Try loading font information for OT1+ptmcm on input line 73
73.

(/usr/share/texmf-texlive/tex/latex/psnfss/ot1ptmcm.fd
File: ot1ptmcm.fd 2000/01/03 Fontinst v1.801 font definitions for OT1/ptmcm.
)
LaTeX Font Info:    Try loading font information for OML+ptmcm on input line 73
73.

(/usr/share/texmf-texlive/tex/latex/psnfss/omlptmcm.fd
File: omlptmcm.fd 2000/01/03 Fontinst v1.801 font definitions for OML/ptmcm.
)
LaTeX Font Info:    External font `cmex10' loaded for size
(Font)              <7> on input line 7373.
LaTeX Font Info:    External font `cmex10' loaded for size
(Font)              <5> on input line 7373.
LaTeX Font Info:    Try loading font information for OT1+ptm on input line 7373
.

(/usr/share/texmf-texlive/tex/latex/psnfss/ot1ptm.fd
File: ot1ptm.fd 2001/06/04 font definitions for OT1/ptm.
)
LaTeX Font Info:    Font shape `OT1/ptm/bx/n' in size <10> not available
(Font)              Font shape `OT1/ptm/b/n' tried instead on input line 7373.
LaTeX Font Info:    Font shape `OT1/ptm/bx/n' in size <7> not available
(Font)              Font shape `OT1/ptm/b/n' tried instead on input line 7373.
LaTeX Font Info:    Font shape `OT1/ptm/bx/n' in size <5> not available
(Font)              Font shape `OT1/ptm/b/n' tried instead on input line 7373.
\currentlineskip=\skip49
\interblockskip=\skip50
\defaultinterblockskip=\skip51
)
LaTeX Font Info:    Try loading font information for OT1+ppl on input line 71.

(/usr/share/texmf-texlive/tex/latex/psnfss/ot1ppl.fd
File: ot1ppl.fd 2001/06/04 font definitions for OT1/ppl.
)
(/usr/share/texmf-texlive/tex/latex/ltxmisc/url.sty
\Urlmuskip=\muskip10
Package: url 2006/04/12  ver 3.3  Verb mode for urls, etc.
)
(/usr/share/texmf-texlive/tex/latex/hyperref/hyperref.sty
Package: hyperref 2009/10/09 v6.79a Hypertext links for LaTeX

(/usr/share/texmf-texlive/tex/latex/graphics/keyval.sty
Package: keyval 1999/03/16 v1.13 key=value parser (DPC)
\KV@toks@=\toks19
)
(/usr/share/texmf-texlive/tex/generic/oberdiek/ifpdf.sty
Package: ifpdf 2009/04/10 v2.0 Provides the ifpdf switch (HO)
Package ifpdf Info: pdfTeX in pdf mode detected.
)
(/usr/share/texmf-texlive/tex/generic/oberdiek/ifvtex.sty
Package: ifvtex 2008/11/04 v1.4 Switches for detecting VTeX and its modes (HO)
Package ifvtex Info: VTeX not detected.
)
(/usr/share/texmf-texlive/tex/generic/ifxetex/ifxetex.sty
Package: ifxetex 2009/01/23 v0.5 Provides ifxetex conditional
)
(/usr/share/texmf-texlive/tex/latex/oberdiek/hycolor.sty
Package: hycolor 2009/10/02 v1.5 Code for color options of hyperref/bookmark (H
O)

(/usr/share/texmf-texlive/tex/latex/oberdiek/xcolor-patch.sty
Package: xcolor-patch 2009/10/02 xcolor patch
))
\@linkdim=\dimen118
\Hy@linkcounter=\count103
\Hy@pagecounter=\count104

(/usr/share/texmf-texlive/tex/latex/hyperref/pd1enc.def
File: pd1enc.def 2009/10/09 v6.79a Hyperref: PDFDocEncoding definition (HO)
)
(/usr/share/texmf-texlive/tex/generic/oberdiek/etexcmds.sty
Package: etexcmds 2007/12/12 v1.2 Prefix for e-TeX command names (HO)

(/usr/share/texmf-texlive/tex/generic/oberdiek/infwarerr.sty
Package: infwarerr 2007/09/09 v1.2 Providing info/warning/message (HO)
)
Package etexcmds Info: Could not find \expanded.
(etexcmds)             That can mean that you are not using pdfTeX 1.50 or
(etexcmds)             that some package has redefined \expanded.
(etexcmds)             In the latter case, load this package earlier.
)
(/usr/share/texmf-texlive/tex/latex/latexconfig/hyperref.cfg
File: hyperref.cfg 2002/06/06 v1.2 hyperref configuration of TeXLive
)
(/usr/share/texmf-texlive/tex/latex/oberdiek/kvoptions.sty
Package: kvoptions 2009/08/13 v3.4 Keyval support for LaTeX options (HO)

(/usr/share/texmf-texlive/tex/generic/oberdiek/kvsetkeys.sty
Package: kvsetkeys 2009/07/30 v1.5 Key value parser with default handler suppor
t (HO)
))
Package hyperref Info: Hyper figures OFF on input line 2975.
Package hyperref Info: Link nesting OFF on input line 2980.
Package hyperref Info: Hyper index ON on input line 2983.
Package hyperref Info: Plain pages OFF on input line 2990.
Package hyperref Info: Backreferencing OFF on input line 2995.

Implicit mode ON; LaTeX internals redefined
Package hyperref Info: Bookmarks ON on input line 3191.
LaTeX Info: Redefining \url on input line 3428.
(/usr/share/texmf-texlive/tex/generic/oberdiek/bitset.sty
Package: bitset 2007/09/28 v1.0 Data type bit set (HO)

(/usr/share/texmf-texlive/tex/generic/oberdiek/intcalc.sty
Package: intcalc 2007/09/27 v1.1 Expandable integer calculations (HO)
)
(/usr/share/texmf-texlive/tex/generic/oberdiek/bigintcalc.sty
Package: bigintcalc 2007/11/11 v1.1 Expandable big integer calculations (HO)

(/usr/share/texmf-texlive/tex/generic/oberdiek/pdftexcmds.sty
Package: pdftexcmds 2009/09/23 v0.6 LuaTeX support for pdfTeX utility functions
 (HO)

(/usr/share/texmf-texlive/tex/generic/oberdiek/ifluatex.sty
Package: ifluatex 2009/04/17 v1.2 Provides the ifluatex switch (HO)
Package ifluatex Info: LuaTeX not detected.
)
(/usr/share/texmf-texlive/tex/generic/oberdiek/ltxcmds.sty
Package: ltxcmds 2009/08/05 v1.0 Some LaTeX kernel commands for general use (HO
)
)
Package pdftexcmds Info: LuaTeX not detected.
Package pdftexcmds Info: \pdf@primitive is available.
Package pdftexcmds Info: \pdf@ifprimitive is available.
)))
\Fld@menulength=\count105
\Field@Width=\dimen119
\Fld@charsize=\dimen120
\Field@toks=\toks20
Package hyperref Info: Hyper figures OFF on input line 4377.
Package hyperref Info: Link nesting OFF on input line 4382.
Package hyperref Info: Hyper index ON on input line 4385.
Package hyperref Info: backreferencing OFF on input line 4392.
Package hyperref Info: Link coloring OFF on input line 4397.
Package hyperref Info: Link coloring with OCG OFF on input line 4402.
Package hyperref Info: PDF/A mode OFF on input line 4407.

(/usr/share/texmf-texlive/tex/generic/oberdiek/atbegshi.sty
Package: atbegshi 2008/07/31 v1.9 At begin shipout hook (HO)
)
\Hy@abspage=\count106
\c@Item=\count107
)
*hyperref using default driver hpdftex*
(/usr/share/texmf-texlive/tex/latex/hyperref/hpdftex.def
File: hpdftex.def 2009/10/09 v6.79a Hyperref driver for pdfTeX
\Fld@listcount=\count108
) (./JAC_dataflow.aux)
\openout1 = `JAC_dataflow.aux'.

LaTeX Font Info:    Checking defaults for OML/cmm/m/it on input line 82.
LaTeX Font Info:    ... okay on input line 82.
LaTeX Font Info:    Checking defaults for T1/cmr/m/n on input line 82.
LaTeX Font Info:    ... okay on input line 82.
LaTeX Font Info:    Checking defaults for OT1/cmr/m/n on input line 82.
LaTeX Font Info:    ... okay on input line 82.
LaTeX Font Info:    Checking defaults for OMS/cmsy/m/n on input line 82.
LaTeX Font Info:    ... okay on input line 82.
LaTeX Font Info:    Checking defaults for OMX/cmex/m/n on input line 82.
LaTeX Font Info:    ... okay on input line 82.
LaTeX Font Info:    Checking defaults for U/cmr/m/n on input line 82.
LaTeX Font Info:    ... okay on input line 82.
LaTeX Font Info:    Checking defaults for PD1/pdf/m/n on input line 82.
LaTeX Font Info:    ... okay on input line 82.

(/usr/share/texmf-texlive/tex/context/base/supp-pdf.mkii
[Loading MPS to PDF converter (version 2006.09.02).]
\scratchcounter=\count109
\scratchdimen=\dimen121
\scratchbox=\box66
\nofMPsegments=\count110
\nofMParguments=\count111
\everyMPshowfont=\toks21
\MPscratchCnt=\count112
\MPscratchDim=\dimen122
\MPnumerator=\count113
\everyMPtoPDFconversion=\toks22
) Beginning to process article (iucr) 
Package hyperref Info: Link coloring OFF on input line 82.
(/usr/share/texmf-texlive/tex/latex/hyperref/nameref.sty
Package: nameref 2007/05/29 v2.31 Cross-referencing by name of section

(/usr/share/texmf-texlive/tex/latex/oberdiek/refcount.sty
Package: refcount 2008/08/11 v3.1 Data extraction from references (HO)
)
\c@section@level=\count114
)
LaTeX Info: Redefining \ref on input line 82.
LaTeX Info: Redefining \pageref on input line 82.
 (./JAC_dataflow.out) (./JAC_dataflow.out)
\@outlinefile=\write3
\openout3 = `JAC_dataflow.out'.

\AtBeginShipoutBox=\box67
Package hyperref Info: *** compatibility with harvard ****  on input line 82.
\l@go=\box68
\t@tle=\box69
LaTeX Font Info:    Font shape `OT1/ppl/bx/n' in size <10> not available
(Font)              Font shape `OT1/ppl/b/n' tried instead on input line 91.
LaTeX Font Info:    Font shape `OT1/ppl/bx/n' in size <9> not available
(Font)              Font shape `OT1/ppl/b/n' tried instead on input line 91.

Underfull \hbox (badness 10000) in paragraph at lines 91--91

 []


Underfull \hbox (badness 10000) in paragraph at lines 91--91

 []

LaTeX Font Info:    Font shape `OT1/ppl/bx/n' in size <14.4> not available
(Font)              Font shape `OT1/ppl/b/n' tried instead on input line 91.
\@ccline=\box70

Overfull \hbox (159.33542pt too wide) detected at line 136
[]
 []

\c@pyline=\box71
LaTeX Font Info:    Try loading font information for OMS+ppl on input line 136.

(/usr/share/texmf-texlive/tex/latex/psnfss/omsppl.fd
File: omsppl.fd 
)
LaTeX Font Info:    Font shape `OMS/ppl/m/n' in size <7> not available
(Font)              Font shape `OMS/cmsy/m/n' tried instead on input line 136.

Overfull \hbox (159.33542pt too wide) detected at line 136
[]
 []

LaTeX Font Info:    Font shape `OT1/ptm/bx/n' in size <9> not available
(Font)              Font shape `OT1/ptm/b/n' tried instead on input line 138.
\@bstract=\box72

Overfull \hbox (324.3614pt too wide) detected at line 168
[]
 []

\topleft=\box73
\topright=\box74
\TOPscr@tch=\box75
\toph@ight=\dimen123

Overfull \hbox (364.19528pt too wide) detected at line 177
[]
 []


Overfull \hbox (39.83386pt too wide) in paragraph at lines 177--177
[] 
 []


Underfull \hbox (badness 10000) detected at line 177
[][]
 []

LaTeX Font Info:    Try loading font information for OT1+pcr on input line 206.

(/usr/share/texmf-texlive/tex/latex/psnfss/ot1pcr.fd
File: ot1pcr.fd 2001/06/04 font definitions for OT1/pcr.
)
LaTeX Font Info:    Font shape `OT1/ppl/bx/n' in size <16> not available
(Font)              Font shape `OT1/ppl/b/n' tried instead on input line 228.

Overfull \vbox (18.0pt too high) has occurred while \output is active []

LaTeX Font Info:    Font shape `OT1/ppl/bx/n' in size <7> not available
(Font)              Font shape `OT1/ppl/b/n' tried instead on input line 228.
LaTeX Font Info:    Font shape `OT1/ppl/bx/n' in size <12> not available
(Font)              Font shape `OT1/ppl/b/n' tried instead on input line 228.

Overfull \vbox (25.37831pt too high) has occurred while \output is active []


Overfull \hbox (1.90002pt too wide) has occurred while \output is active
 []
 []

[1{/var/lib/texmf/fonts/map/pdftex/updmap/pdftex.map}

]
LaTeX Font Info:    Font shape `OT1/ptm/bx/n' in size <12> not available
(Font)              Font shape `OT1/ptm/b/n' tried instead on input line 259.
 (./JAC_dataflow.bbl)

! LaTeX Error: \caption outside float.

See the LaTeX manual or LaTeX Companion for explanation.
Type  H <return>  for immediate help.
 ...                                              
                                                  
l.301 \caption
              {Supported browsers, at time of publication}
You're in trouble here.  Try typing  <return>  to proceed.
If that doesn't work, type  X <return>  to quit.

LaTeX Font Info:    External font `cmex10' loaded for size
(Font)              <9> on input line 303.
LaTeX Font Info:    External font `cmex10' loaded for size
(Font)              <6> on input line 303.
LaTeX Font Info:    Font shape `OT1/ptm/bx/n' in size <6> not available
(Font)              Font shape `OT1/ptm/b/n' tried instead on input line 303.

Overfull \hbox (252.0pt too wide) detected at line 305
[]
 []


Underfull \hbox (badness 10000) in paragraph at lines 301--310
[]\OT1/ptm/m/n/9 Supported browsers, at time of pub-li-ca-tion
 []


Overfull \hbox (43.92775pt too wide) in paragraph at lines 301--310
[][] 
 []


Finished processing article for Journal of Applied Crystallography
Underfull \vbox (badness 10000) has occurred while \output is active []


Overfull \vbox (18.0pt too high) has occurred while \output is active []

LaTeX Font Info:    Font shape `OT1/ppl/bx/n' in size <8> not available
(Font)              Font shape `OT1/ppl/b/n' tried instead on input line 321.

Overfull \vbox (25.22833pt too high) has occurred while \output is active []


Overfull \hbox (1.90002pt too wide) has occurred while \output is active
 []
 []

[2] (./JAC_dataflow.aux) ) 
Here is how much of TeX's memory you used:
 5488 strings out of 495061
 76296 string characters out of 1182622
 183079 words of memory out of 3000000
 8526 multiletter control sequences out of 15000+50000
 45763 words of font info for 97 fonts, out of 3000000 for 9000
 28 hyphenation exceptions out of 8191
 38i,10n,36p,257b,481s stack positions out of 5000i,500n,10000p,200000b,50000s
{/usr/share/texmf-texlive/fonts/enc/dvips/base/8r.enc
}</usr/share/texmf-texlive/fonts/type1/public/amsfonts/cm/cmmi10.pfb></usr/shar
e/texmf-texlive/fonts/type1/public/amsfonts/cm/cmsy7.pfb></usr/share/texmf-texl
ive/fonts/type1/urw/courier/ucrr8a.pfb></usr/share/texmf-texlive/fonts/type1/ur
w/palatino/uplb8a.pfb></usr/share/texmf-texlive/fonts/type1/urw/palatino/uplr8a
.pfb></usr/share/texmf-texlive/fonts/type1/urw/palatino/uplri8a.pfb></usr/share
/texmf-texlive/fonts/type1/urw/times/utmb8a.pfb></usr/share/texmf-texlive/fonts
/type1/urw/times/utmr8a.pfb></usr/share/texmf-texlive/fonts/type1/urw/times/utm
ri8a.pfb>
Output written on JAC_dataflow.pdf (2 pages, 139276 bytes).
PDF statistics:
 143 PDF objects out of 1000 (max. 8388607)
 28 named destinations out of 1000 (max. 500000)
 145 words of extra memory for PDF output out of 10000 (max. 10000000)

